2011-03-14 10:02:10 Notice: Notice (8): Constant PROTOCOLE_DL already defined in [APP/config/webdelib.inc, line 13]
2011-03-14 13:56:02 Notice: Notice (8): Undefined property: DeliberationsController::$Parafwebservice in [APP/controllers/deliberations_controller.php, line 2101]
2011-03-14 14:08:00 Notice: Notice (8): Trying to get property of non-object in [APP/controllers/components/iparapheur.php, line 281]
2011-03-14 14:08:00 Notice: Notice (8): Trying to get property of non-object in [APP/controllers/components/iparapheur.php, line 283]
2011-03-14 14:08:00 Notice: Notice (8): Trying to get property of non-object in [APP/controllers/components/iparapheur.php, line 285]
2011-03-14 14:11:12 Notice: Notice (8): Trying to get property of non-object in [APP/controllers/components/iparapheur.php, line 282]
2011-03-14 14:11:12 Notice: Notice (8): Trying to get property of non-object in [APP/controllers/components/iparapheur.php, line 284]
2011-03-14 14:11:12 Notice: Notice (8): Trying to get property of non-object in [APP/controllers/components/iparapheur.php, line 286]
2011-03-14 14:12:16 Notice: Notice (8): Trying to get property of non-object in [APP/controllers/components/iparapheur.php, line 282]
2011-03-14 14:12:16 Notice: Notice (8): Trying to get property of non-object in [APP/controllers/components/iparapheur.php, line 284]
2011-03-14 14:12:16 Notice: Notice (8): Trying to get property of non-object in [APP/controllers/components/iparapheur.php, line 286]
2011-03-14 14:13:54 Notice: Notice (8): Trying to get property of non-object in [APP/controllers/components/iparapheur.php, line 282]
2011-03-14 14:13:54 Notice: Notice (8): Trying to get property of non-object in [APP/controllers/components/iparapheur.php, line 284]
2011-03-14 14:13:54 Notice: Notice (8): Trying to get property of non-object in [APP/controllers/components/iparapheur.php, line 286]
2011-03-14 14:14:25 Notice: Notice (8): Trying to get property of non-object in [APP/controllers/components/iparapheur.php, line 281]
2011-03-14 14:14:25 Notice: Notice (8): Trying to get property of non-object in [APP/controllers/components/iparapheur.php, line 283]
2011-03-14 14:14:25 Notice: Notice (8): Trying to get property of non-object in [APP/controllers/components/iparapheur.php, line 285]
2011-03-14 14:23:33 Notice: Notice (8): Trying to get property of non-object in [APP/controllers/components/iparapheur.php, line 281]
2011-03-14 14:23:33 Notice: Notice (8): Trying to get property of non-object in [APP/controllers/components/iparapheur.php, line 283]
2011-03-14 14:23:33 Notice: Notice (8): Trying to get property of non-object in [APP/controllers/components/iparapheur.php, line 285]
2011-03-14 14:38:32 Notice: Notice (8): Trying to get property of non-object in [APP/controllers/components/iparapheur.php, line 281]
2011-03-14 14:38:32 Notice: Notice (8): Trying to get property of non-object in [APP/controllers/components/iparapheur.php, line 283]
2011-03-14 14:38:32 Notice: Notice (8): Trying to get property of non-object in [APP/controllers/components/iparapheur.php, line 285]
2011-03-14 14:40:20 Notice: Notice (8): Trying to get property of non-object in [APP/controllers/components/iparapheur.php, line 282]
2011-03-14 14:40:20 Notice: Notice (8): Trying to get property of non-object in [APP/controllers/components/iparapheur.php, line 284]
2011-03-14 14:40:20 Notice: Notice (8): Trying to get property of non-object in [APP/controllers/components/iparapheur.php, line 286]
2011-03-14 14:40:35 Notice: Notice (8): Trying to get property of non-object in [APP/controllers/components/iparapheur.php, line 281]
2011-03-14 14:40:35 Notice: Notice (8): Trying to get property of non-object in [APP/controllers/components/iparapheur.php, line 283]
2011-03-14 14:40:35 Notice: Notice (8): Trying to get property of non-object in [APP/controllers/components/iparapheur.php, line 285]
2011-03-14 14:52:52 Notice: Notice (8): Trying to get property of non-object in [APP/controllers/components/iparapheur.php, line 281]
2011-03-14 14:52:52 Notice: Notice (8): Trying to get property of non-object in [APP/controllers/components/iparapheur.php, line 283]
2011-03-14 14:52:52 Notice: Notice (8): Trying to get property of non-object in [APP/controllers/components/iparapheur.php, line 285]
2011-03-14 14:54:47 Notice: Notice (8): Trying to get property of non-object in [APP/controllers/components/iparapheur.php, line 281]
2011-03-14 14:54:47 Notice: Notice (8): Trying to get property of non-object in [APP/controllers/components/iparapheur.php, line 283]
2011-03-14 14:54:47 Notice: Notice (8): Trying to get property of non-object in [APP/controllers/components/iparapheur.php, line 285]
2011-03-14 14:55:06 Notice: Notice (8): Trying to get property of non-object in [APP/controllers/components/iparapheur.php, line 281]
2011-03-14 14:55:06 Notice: Notice (8): Trying to get property of non-object in [APP/controllers/components/iparapheur.php, line 283]
2011-03-14 14:55:06 Notice: Notice (8): Trying to get property of non-object in [APP/controllers/components/iparapheur.php, line 285]
2011-03-14 15:01:21 Notice: Notice (8): Trying to get property of non-object in [APP/controllers/components/iparapheur.php, line 281]
2011-03-14 15:01:21 Notice: Notice (8): Trying to get property of non-object in [APP/controllers/components/iparapheur.php, line 283]
2011-03-14 15:01:21 Notice: Notice (8): Trying to get property of non-object in [APP/controllers/components/iparapheur.php, line 285]
2011-03-14 15:03:14 Notice: Notice (8): Trying to get property of non-object in [APP/controllers/components/iparapheur.php, line 281]
2011-03-14 15:03:14 Notice: Notice (8): Trying to get property of non-object in [APP/controllers/components/iparapheur.php, line 283]
2011-03-14 15:03:14 Notice: Notice (8): Trying to get property of non-object in [APP/controllers/components/iparapheur.php, line 285]
2011-03-14 15:03:35 Notice: Notice (8): Trying to get property of non-object in [APP/controllers/components/iparapheur.php, line 281]
2011-03-14 15:03:35 Notice: Notice (8): Trying to get property of non-object in [APP/controllers/components/iparapheur.php, line 283]
2011-03-14 15:03:35 Notice: Notice (8): Trying to get property of non-object in [APP/controllers/components/iparapheur.php, line 285]
2011-03-14 15:04:31 Notice: Notice (8): Trying to get property of non-object in [APP/controllers/components/iparapheur.php, line 281]
2011-03-14 15:04:31 Notice: Notice (8): Trying to get property of non-object in [APP/controllers/components/iparapheur.php, line 283]
2011-03-14 15:04:31 Notice: Notice (8): Trying to get property of non-object in [APP/controllers/components/iparapheur.php, line 285]
2011-03-14 15:06:13 Notice: Notice (8): Trying to get property of non-object in [APP/controllers/components/iparapheur.php, line 281]
2011-03-14 15:06:13 Notice: Notice (8): Trying to get property of non-object in [APP/controllers/components/iparapheur.php, line 283]
2011-03-14 15:06:13 Notice: Notice (8): Trying to get property of non-object in [APP/controllers/components/iparapheur.php, line 285]
2011-03-14 16:12:14 Notice: Notice (8): Undefined index:  detail in [APP/vendors/GEDOOo/phpgedooo/GDO_FusionType.class, line 130]
2011-03-14 16:52:53 Notice: Notice (8): Undefined variable: deliberations in [APP/views/deliberations/send_to_parapheur.ctp, line 14]
2011-03-15 14:10:59 Notice: Notice (8): Undefined property: SictiamsController::$Deliberation in [APP/controllers/sictiams_controller.php, line 10]
2011-03-15 14:29:29 Notice: Notice (8): Undefined variable: client in [APP/controllers/components/stela.php, line 39]
2011-03-15 14:30:01 Notice: Notice (8): Undefined variable: client in [APP/controllers/components/stela.php, line 39]
2011-03-15 14:30:27 Notice: Notice (8): Undefined variable: SSLCertificatSerial in [APP/controllers/components/stela.php, line 39]
2011-03-15 14:30:27 Notice: Notice (8): Undefined variable: SSLCertificatVendor in [APP/controllers/components/stela.php, line 39]
2011-03-15 14:31:33 Notice: Notice (8): Undefined variable: delib_id in [APP/controllers/sictiams_controller.php, line 12]
2011-03-15 14:54:17 Notice: Notice (8): Undefined variable: delib_id in [APP/controllers/sictiams_controller.php, line 13]
2011-03-15 14:54:18 Notice: Notice (8): Use of undefined constant GROUPE_ID_TEST - assumed 'GROUPE_ID_TEST' in [APP/controllers/components/stela.php, line 101]
2011-03-15 14:54:18 Notice: Notice (8): Undefined variable: filename in [APP/controllers/components/stela.php, line 124]
2011-03-15 14:54:18 Notice: Notice (8): Undefined variable: uid in [APP/controllers/components/stela.php, line 143]
2011-03-15 14:54:18 Notice: Notice (8): Undefined variable: client in [APP/controllers/components/stela.php, line 152]
2011-03-15 14:54:31 Notice: Notice (8): Use of undefined constant GROUPE_ID_TEST - assumed 'GROUPE_ID_TEST' in [APP/controllers/components/stela.php, line 101]
2011-03-15 14:54:31 Notice: Notice (8): Undefined variable: filename in [APP/controllers/components/stela.php, line 124]
2011-03-15 14:54:32 Notice: Notice (8): Undefined index: 0 in [APP/controllers/components/stela.php, line 125]
2011-03-15 14:54:32 Notice: Notice (8): Undefined variable: uid in [APP/controllers/components/stela.php, line 143]
2011-03-15 14:54:33 Notice: Notice (8): Undefined variable: client in [APP/controllers/components/stela.php, line 152]
2011-03-15 14:55:03 Notice: Notice (8): Use of undefined constant GROUPE_ID_TEST - assumed 'GROUPE_ID_TEST' in [APP/controllers/components/stela.php, line 101]
2011-03-15 14:55:03 Notice: Notice (8): Undefined variable: filename in [APP/controllers/components/stela.php, line 124]
2011-03-15 14:55:03 Notice: Notice (8): Undefined index: 0 in [APP/controllers/components/stela.php, line 125]
2011-03-15 14:55:04 Notice: Notice (8): Undefined variable: uid in [APP/controllers/components/stela.php, line 143]
2011-03-15 14:55:04 Notice: Notice (8): Undefined variable: client in [APP/controllers/components/stela.php, line 152]
2011-03-15 14:56:19 Notice: Notice (8): Undefined variable: filename in [APP/controllers/components/stela.php, line 125]
2011-03-15 14:56:19 Notice: Notice (8): Undefined index: 0 in [APP/controllers/components/stela.php, line 126]
2011-03-15 14:56:20 Notice: Notice (8): Undefined variable: uid in [APP/controllers/components/stela.php, line 144]
2011-03-15 14:56:20 Notice: Notice (8): Undefined variable: SSLCertificatSerial in [APP/controllers/components/stela.php, line 153]
2011-03-15 14:56:21 Notice: Notice (8): Undefined variable: SSLCertificatVendor in [APP/controllers/components/stela.php, line 153]
2011-03-15 14:56:21 Notice: Notice (8): Undefined variable: var in [APP/controllers/components/stela.php, line 158]
2011-03-15 14:57:55 Notice: Notice (8): Undefined variable: filename in [APP/controllers/components/stela.php, line 126]
2011-03-15 14:57:56 Notice: Notice (8): Undefined index: 0 in [APP/controllers/components/stela.php, line 127]
2011-03-15 14:57:56 Notice: Notice (8): Undefined variable: uid in [APP/controllers/components/stela.php, line 145]
2011-03-15 14:57:57 Notice: Notice (8): Undefined variable: SSLCertificatSerial in [APP/controllers/components/stela.php, line 154]
2011-03-15 14:57:57 Notice: Notice (8): Undefined variable: SSLCertificatVendor in [APP/controllers/components/stela.php, line 154]
2011-03-15 14:57:58 Notice: Notice (8): Undefined variable: var in [APP/controllers/components/stela.php, line 159]
2011-03-15 14:59:06 Notice: Notice (8): Undefined variable: filename in [APP/controllers/components/stela.php, line 127]
2011-03-15 14:59:07 Notice: Notice (8): Undefined index: 0 in [APP/controllers/components/stela.php, line 128]
2011-03-15 14:59:07 Notice: Notice (8): Undefined variable: uid in [APP/controllers/components/stela.php, line 146]
2011-03-15 14:59:08 Notice: Notice (8): Undefined variable: SSLCertificatSerial in [APP/controllers/components/stela.php, line 155]
2011-03-15 14:59:08 Notice: Notice (8): Undefined variable: SSLCertificatVendor in [APP/controllers/components/stela.php, line 155]
2011-03-15 14:59:08 Notice: Notice (8): Undefined variable: var in [APP/controllers/components/stela.php, line 160]
2011-03-15 15:01:48 Notice: Notice (8): Undefined variable: uid in [APP/controllers/components/stela.php, line 145]
2011-03-15 15:01:48 Notice: Notice (8): Undefined variable: SSLCertificatSerial in [APP/controllers/components/stela.php, line 154]
2011-03-15 15:01:49 Notice: Notice (8): Undefined variable: SSLCertificatVendor in [APP/controllers/components/stela.php, line 154]
2011-03-15 15:01:49 Notice: Notice (8): Undefined variable: var in [APP/controllers/components/stela.php, line 159]
2011-03-15 15:03:08 Notice: Notice (8): Undefined variable: uid in [APP/controllers/components/stela.php, line 145]
2011-03-15 15:19:43 Notice: Notice (8): Undefined variable: delib_id in [APP/controllers/sictiams_controller.php, line 13]
2011-03-16 11:59:21 Notice: Notice (8): session_start() [http://php.net/function.session-start]: ps_files_cleanup_dir: opendir(/var/lib/php5) failed: Permission denied (13) in [CORE/cake/libs/session.php, line 562]
2011-03-16 16:30:09 Notice: Notice (8): Undefined property: DeliberationsController::$folder in [APP/controllers/deliberations_controller.php, line 2354]
2011-03-16 16:30:10 Notice: Notice (8): Trying to get property of non-object in [APP/controllers/deliberations_controller.php, line 2354]
2011-03-16 16:30:10 Notice: Notice (8): Undefined index:  in [APP/vendors/cmis_repository_wrapper.php, line 731]
2011-03-16 16:31:34 Notice: Notice (8): Undefined property: DeliberationsController::$folder in [APP/controllers/deliberations_controller.php, line 2353]
2011-03-16 16:31:34 Notice: Notice (8): Trying to get property of non-object in [APP/controllers/deliberations_controller.php, line 2353]
2011-03-16 16:31:34 Notice: Notice (8): Undefined index:  in [APP/vendors/cmis_repository_wrapper.php, line 731]
2011-03-16 16:32:07 Notice: Notice (8): Undefined property: DeliberationsController::$folder in [APP/controllers/deliberations_controller.php, line 2354]
2011-03-16 16:32:08 Notice: Notice (8): Trying to get property of non-object in [APP/controllers/deliberations_controller.php, line 2354]
2011-03-16 16:32:08 Notice: Notice (8): Undefined index:  in [APP/vendors/cmis_repository_wrapper.php, line 731]
2011-03-16 16:32:28 Notice: Notice (8): Undefined index: cmis:document in [APP/vendors/cmis_repository_wrapper.php, line 691]
2011-03-16 16:32:28 Notice: Notice (8): Trying to get property of non-object in [APP/vendors/cmis_repository_wrapper.php, line 691]
2011-03-16 16:32:28 Notice: Notice (8): Undefined variable: children_feed_l in [APP/vendors/cmis_repository_wrapper.php, line 464]
2011-03-16 16:33:13 Notice: Notice (8): Undefined index: cmis:document in [APP/vendors/cmis_repository_wrapper.php, line 691]
2011-03-16 16:33:13 Notice: Notice (8): Trying to get property of non-object in [APP/vendors/cmis_repository_wrapper.php, line 691]
2011-03-16 16:33:14 Notice: Notice (8): Undefined variable: children_feed_l in [APP/vendors/cmis_repository_wrapper.php, line 464]
2011-03-16 16:36:52 Notice: Notice (8): Undefined index: cmis:document in [APP/vendors/cmis_repository_wrapper.php, line 691]
2011-03-16 16:36:52 Notice: Notice (8): Trying to get property of non-object in [APP/vendors/cmis_repository_wrapper.php, line 691]
2011-03-16 16:36:52 Notice: Notice (8): Undefined variable: children_feed_l in [APP/vendors/cmis_repository_wrapper.php, line 464]
2011-03-16 16:46:06 Notice: Notice (8): Undefined index: cmis:document in [APP/vendors/cmis_repository_wrapper.php, line 691]
2011-03-16 16:46:06 Notice: Notice (8): Trying to get property of non-object in [APP/vendors/cmis_repository_wrapper.php, line 691]
2011-03-16 16:46:06 Notice: Notice (8): Undefined variable: children_feed_l in [APP/vendors/cmis_repository_wrapper.php, line 464]
2011-03-16 16:48:18 Notice: Notice (8): Undefined variable: client in [APP/controllers/deliberations_controller.php, line 2353]
2011-03-16 16:48:30 Notice: Notice (8): Undefined index: cmis:folder in [APP/vendors/cmis_repository_wrapper.php, line 691]
2011-03-16 16:48:30 Notice: Notice (8): Trying to get property of non-object in [APP/vendors/cmis_repository_wrapper.php, line 691]
2011-03-16 16:48:31 Notice: Notice (8): Undefined variable: children_feed_l in [APP/vendors/cmis_repository_wrapper.php, line 464]
2011-03-16 16:48:31 Notice: Notice (8): Undefined index: cmis:document in [APP/vendors/cmis_repository_wrapper.php, line 691]
2011-03-16 16:49:16 Notice: Notice (8): Undefined index: cmis:folder in [APP/vendors/cmis_repository_wrapper.php, line 691]
2011-03-16 16:49:16 Notice: Notice (8): Trying to get property of non-object in [APP/vendors/cmis_repository_wrapper.php, line 691]
2011-03-16 16:49:16 Notice: Notice (8): Undefined variable: children_feed_l in [APP/vendors/cmis_repository_wrapper.php, line 464]
2011-03-16 16:49:16 Notice: Notice (8): Undefined index: cmis:document in [APP/vendors/cmis_repository_wrapper.php, line 691]
2011-03-16 16:55:46 Notice: Notice (8): Undefined index: cmis:folder in [APP/vendors/cmis_repository_wrapper.php, line 691]
2011-03-16 16:55:46 Notice: Notice (8): Trying to get property of non-object in [APP/vendors/cmis_repository_wrapper.php, line 691]
2011-03-16 16:55:46 Notice: Notice (8): Undefined variable: children_feed_l in [APP/vendors/cmis_repository_wrapper.php, line 464]
2011-03-16 16:56:15 Notice: Notice (8): Undefined index: cmis:folder in [APP/vendors/cmis_repository_wrapper.php, line 691]
2011-03-16 16:56:15 Notice: Notice (8): Trying to get property of non-object in [APP/vendors/cmis_repository_wrapper.php, line 691]
2011-03-16 16:56:15 Notice: Notice (8): Undefined variable: children_feed_l in [APP/vendors/cmis_repository_wrapper.php, line 464]
2011-03-16 16:56:15 Notice: Notice (8): Undefined index: cmis:document in [APP/vendors/cmis_repository_wrapper.php, line 691]
