2013-11-18 17:51:42 Error: [MissingPluginException] Plugin Cakeflow could not be found.
#0 /var/www/splaza/branches/v4.1.04/lib/Cake/Core/App.php(364): CakePlugin::path('Cakeflow')
#1 /var/www/splaza/branches/v4.1.04/lib/Cake/Core/App.php(225): App::pluginPath('Cakeflow')
#2 /var/www/splaza/branches/v4.1.04/lib/Cake/Core/App.php(545): App::path('Model', 'Cakeflow')
#3 [internal function]: App::load('Composition')
#4 [internal function]: spl_autoload_call('Composition')
#5 /var/www/splaza/branches/v4.1.04/lib/Cake/Utility/ClassRegistry.php(136): class_exists('Composition')
#6 /var/www/splaza/branches/v4.1.04/lib/Cake/Model/Model.php(1020): ClassRegistry::init(Array)
#7 /var/www/splaza/branches/v4.1.04/lib/Cake/Model/Model.php(846): Model->_constructLinkedModel('Composition', 'Composition', 'Cakeflow')
#8 /var/www/splaza/branches/v4.1.04/lib/Cake/Model/Model.php(876): Model->__isset('Composition')
#9 /var/www/splaza/branches/v4.1.04/lib/Cake/Model/Datasource/DboSource.php(1063): Model->__get('Composition')
#10 /var/www/splaza/branches/v4.1.04/lib/Cake/Model/Model.php(2642): DboSource->read(Object(User), Array)
#11 /var/www/splaza/branches/v4.1.04/lib/Cake/Model/Datasource/DboSource.php(598): Model->find('first', Array)
#12 /var/www/splaza/branches/v4.1.04/lib/Cake/Model/Model.php(788): DboSource->query('findByLogin', Array, Object(User))
#13 /var/www/splaza/branches/v4.1.04/app/Controller/UsersController.php(360): Model->__call('findByLogin', Array)
#14 /var/www/splaza/branches/v4.1.04/app/Controller/UsersController.php(360): User->findByLogin('admin')
#15 [internal function]: UsersController->login()
#16 /var/www/splaza/branches/v4.1.04/lib/Cake/Controller/Controller.php(485): ReflectionMethod->invokeArgs(Object(UsersController), Array)
#17 /var/www/splaza/branches/v4.1.04/lib/Cake/Routing/Dispatcher.php(186): Controller->invokeAction(Object(CakeRequest))
#18 /var/www/splaza/branches/v4.1.04/lib/Cake/Routing/Dispatcher.php(161): Dispatcher->_invoke(Object(UsersController), Object(CakeRequest), Object(CakeResponse))
#19 /var/www/splaza/branches/v4.1.04/app/webroot/index.php(92): Dispatcher->dispatch(Object(CakeRequest), Object(CakeResponse))
#20 {main}
2013-11-18 17:52:21 Error: [MissingPluginException] Plugin Cakeflow could not be found.
#0 /var/www/splaza/branches/v4.1.04/lib/Cake/Core/App.php(364): CakePlugin::path('Cakeflow')
#1 /var/www/splaza/branches/v4.1.04/lib/Cake/Core/App.php(225): App::pluginPath('Cakeflow')
#2 /var/www/splaza/branches/v4.1.04/lib/Cake/Core/App.php(545): App::path('Model', 'Cakeflow')
#3 [internal function]: App::load('Composition')
#4 [internal function]: spl_autoload_call('Composition')
#5 /var/www/splaza/branches/v4.1.04/lib/Cake/Utility/ClassRegistry.php(136): class_exists('Composition')
#6 /var/www/splaza/branches/v4.1.04/lib/Cake/Model/Model.php(1020): ClassRegistry::init(Array)
#7 /var/www/splaza/branches/v4.1.04/lib/Cake/Model/Model.php(846): Model->_constructLinkedModel('Composition', 'Composition', 'Cakeflow')
#8 /var/www/splaza/branches/v4.1.04/lib/Cake/Model/Model.php(876): Model->__isset('Composition')
#9 /var/www/splaza/branches/v4.1.04/lib/Cake/Model/Datasource/DboSource.php(1063): Model->__get('Composition')
#10 /var/www/splaza/branches/v4.1.04/lib/Cake/Model/Model.php(2642): DboSource->read(Object(User), Array)
#11 /var/www/splaza/branches/v4.1.04/lib/Cake/Model/Datasource/DboSource.php(598): Model->find('first', Array)
#12 /var/www/splaza/branches/v4.1.04/lib/Cake/Model/Model.php(788): DboSource->query('findByLogin', Array, Object(User))
#13 /var/www/splaza/branches/v4.1.04/app/Controller/UsersController.php(360): Model->__call('findByLogin', Array)
#14 /var/www/splaza/branches/v4.1.04/app/Controller/UsersController.php(360): User->findByLogin('admin')
#15 [internal function]: UsersController->login()
#16 /var/www/splaza/branches/v4.1.04/lib/Cake/Controller/Controller.php(485): ReflectionMethod->invokeArgs(Object(UsersController), Array)
#17 /var/www/splaza/branches/v4.1.04/lib/Cake/Routing/Dispatcher.php(186): Controller->invokeAction(Object(CakeRequest))
#18 /var/www/splaza/branches/v4.1.04/lib/Cake/Routing/Dispatcher.php(161): Dispatcher->_invoke(Object(UsersController), Object(CakeRequest), Object(CakeResponse))
#19 /var/www/splaza/branches/v4.1.04/app/webroot/index.php(92): Dispatcher->dispatch(Object(CakeRequest), Object(CakeResponse))
#20 {main}
2013-11-18 17:52:31 Error: [MissingPluginException] Plugin Cakeflow could not be found.
#0 /var/www/splaza/branches/v4.1.04/lib/Cake/Core/App.php(364): CakePlugin::path('Cakeflow')
#1 /var/www/splaza/branches/v4.1.04/lib/Cake/Core/App.php(225): App::pluginPath('Cakeflow')
#2 /var/www/splaza/branches/v4.1.04/lib/Cake/Core/App.php(545): App::path('Model', 'Cakeflow')
#3 [internal function]: App::load('Composition')
#4 [internal function]: spl_autoload_call('Composition')
#5 /var/www/splaza/branches/v4.1.04/lib/Cake/Utility/ClassRegistry.php(136): class_exists('Composition')
#6 /var/www/splaza/branches/v4.1.04/lib/Cake/Model/Model.php(1020): ClassRegistry::init(Array)
#7 /var/www/splaza/branches/v4.1.04/lib/Cake/Model/Model.php(846): Model->_constructLinkedModel('Composition', 'Composition', 'Cakeflow')
#8 /var/www/splaza/branches/v4.1.04/lib/Cake/Model/Model.php(876): Model->__isset('Composition')
#9 /var/www/splaza/branches/v4.1.04/lib/Cake/Model/Datasource/DboSource.php(1063): Model->__get('Composition')
#10 /var/www/splaza/branches/v4.1.04/lib/Cake/Model/Model.php(2642): DboSource->read(Object(User), Array)
#11 /var/www/splaza/branches/v4.1.04/lib/Cake/Model/Datasource/DboSource.php(598): Model->find('first', Array)
#12 /var/www/splaza/branches/v4.1.04/lib/Cake/Model/Model.php(788): DboSource->query('findByLogin', Array, Object(User))
#13 /var/www/splaza/branches/v4.1.04/app/Controller/UsersController.php(360): Model->__call('findByLogin', Array)
#14 /var/www/splaza/branches/v4.1.04/app/Controller/UsersController.php(360): User->findByLogin('admin')
#15 [internal function]: UsersController->login()
#16 /var/www/splaza/branches/v4.1.04/lib/Cake/Controller/Controller.php(485): ReflectionMethod->invokeArgs(Object(UsersController), Array)
#17 /var/www/splaza/branches/v4.1.04/lib/Cake/Routing/Dispatcher.php(186): Controller->invokeAction(Object(CakeRequest))
#18 /var/www/splaza/branches/v4.1.04/lib/Cake/Routing/Dispatcher.php(161): Dispatcher->_invoke(Object(UsersController), Object(CakeRequest), Object(CakeResponse))
#19 /var/www/splaza/branches/v4.1.04/app/webroot/index.php(92): Dispatcher->dispatch(Object(CakeRequest), Object(CakeResponse))
#20 {main}
2013-11-18 17:55:21 Warning: Warning (512): DbAcl::check() - Failed ARO/ACO node lookup in permissions check.  Node references:
Aro: Array
(
    [model] => User
    [foreign_key] => 1
)

Aco: Pages:autresActesAValider in [/var/www/splaza/branches/v4.1.04/lib/Cake/Model/Permission.php, line 93]
Trace:
Permission::check() - CORE/Cake/Model/Permission.php, line 93
DbAcl::check() - CORE/Cake/Controller/Component/Acl/DbAcl.php, line 71
AclComponent::check() - CORE/Cake/Controller/Component/AclComponent.php, line 108
DroitsComponent::check() - APP/Controller/Component/DroitsComponent.php, line 76
MenuComponent::_filtreMenuDroits() - APP/Controller/Component/MenuComponent.php, line 30
MenuComponent::load() - APP/Controller/Component/MenuComponent.php, line 16
UsersController::login() - APP/Controller/UsersController.php, line 417
ReflectionMethod::invokeArgs() - [internal], line ??
Controller::invokeAction() - CORE/Cake/Controller/Controller.php, line 485
Dispatcher::_invoke() - CORE/Cake/Routing/Dispatcher.php, line 186
Dispatcher::dispatch() - CORE/Cake/Routing/Dispatcher.php, line 161
[main] - APP/webroot/index.php, line 92

2013-11-18 17:55:21 Warning: Warning (512): DbAcl::check() - Failed ARO/ACO node lookup in permissions check.  Node references:
Aro: Array
(
    [model] => User
    [foreign_key] => 1
)

Aco: Pages:listerFuturesSeances in [/var/www/splaza/branches/v4.1.04/lib/Cake/Model/Permission.php, line 93]
Trace:
Permission::check() - CORE/Cake/Model/Permission.php, line 93
DbAcl::check() - CORE/Cake/Controller/Component/Acl/DbAcl.php, line 71
AclComponent::check() - CORE/Cake/Controller/Component/AclComponent.php, line 108
DroitsComponent::check() - APP/Controller/Component/DroitsComponent.php, line 76
MenuComponent::_filtreMenuDroits() - APP/Controller/Component/MenuComponent.php, line 30
MenuComponent::load() - APP/Controller/Component/MenuComponent.php, line 16
UsersController::login() - APP/Controller/UsersController.php, line 417
ReflectionMethod::invokeArgs() - [internal], line ??
Controller::invokeAction() - CORE/Cake/Controller/Controller.php, line 485
Dispatcher::_invoke() - CORE/Cake/Routing/Dispatcher.php, line 186
Dispatcher::dispatch() - CORE/Cake/Routing/Dispatcher.php, line 161
[main] - APP/webroot/index.php, line 92

2013-11-18 17:55:21 Warning: Warning (512): DbAcl::check() - Failed ARO/ACO node lookup in permissions check.  Node references:
Aro: Array
(
    [model] => User
    [foreign_key] => 1
)

Aco: Pages:postseances in [/var/www/splaza/branches/v4.1.04/lib/Cake/Model/Permission.php, line 93]
Trace:
Permission::check() - CORE/Cake/Model/Permission.php, line 93
DbAcl::check() - CORE/Cake/Controller/Component/Acl/DbAcl.php, line 71
AclComponent::check() - CORE/Cake/Controller/Component/AclComponent.php, line 108
DroitsComponent::check() - APP/Controller/Component/DroitsComponent.php, line 76
MenuComponent::_filtreMenuDroits() - APP/Controller/Component/MenuComponent.php, line 30
MenuComponent::load() - APP/Controller/Component/MenuComponent.php, line 16
UsersController::login() - APP/Controller/UsersController.php, line 417
ReflectionMethod::invokeArgs() - [internal], line ??
Controller::invokeAction() - CORE/Cake/Controller/Controller.php, line 485
Dispatcher::_invoke() - CORE/Cake/Routing/Dispatcher.php, line 186
Dispatcher::dispatch() - CORE/Cake/Routing/Dispatcher.php, line 161
[main] - APP/webroot/index.php, line 92

2013-11-18 17:55:21 Warning: Warning (512): DbAcl::check() - Failed ARO/ACO node lookup in permissions check.  Node references:
Aro: Array
(
    [model] => User
    [foreign_key] => 1
)

Aco: Typeactes:index in [/var/www/splaza/branches/v4.1.04/lib/Cake/Model/Permission.php, line 93]
Trace:
Permission::check() - CORE/Cake/Model/Permission.php, line 93
DbAcl::check() - CORE/Cake/Controller/Component/Acl/DbAcl.php, line 71
AclComponent::check() - CORE/Cake/Controller/Component/AclComponent.php, line 108
DroitsComponent::check() - APP/Controller/Component/DroitsComponent.php, line 76
MenuComponent::_filtreMenuDroits() - APP/Controller/Component/MenuComponent.php, line 30
MenuComponent::_filtreMenuDroits() - APP/Controller/Component/MenuComponent.php, line 35
MenuComponent::load() - APP/Controller/Component/MenuComponent.php, line 16
UsersController::login() - APP/Controller/UsersController.php, line 417
ReflectionMethod::invokeArgs() - [internal], line ??
Controller::invokeAction() - CORE/Cake/Controller/Controller.php, line 485
Dispatcher::_invoke() - CORE/Cake/Routing/Dispatcher.php, line 186
Dispatcher::dispatch() - CORE/Cake/Routing/Dispatcher.php, line 161
[main] - APP/webroot/index.php, line 92

2013-11-18 17:55:22 Warning: Warning (512): DbAcl::check() - Failed ARO/ACO node lookup in permissions check.  Node references:
Aro: Array
(
    [model] => User
    [foreign_key] => 1
)

Aco: Connecteurs:index in [/var/www/splaza/branches/v4.1.04/lib/Cake/Model/Permission.php, line 93]
Trace:
Permission::check() - CORE/Cake/Model/Permission.php, line 93
DbAcl::check() - CORE/Cake/Controller/Component/Acl/DbAcl.php, line 71
AclComponent::check() - CORE/Cake/Controller/Component/AclComponent.php, line 108
DroitsComponent::check() - APP/Controller/Component/DroitsComponent.php, line 76
MenuComponent::_filtreMenuDroits() - APP/Controller/Component/MenuComponent.php, line 30
MenuComponent::_filtreMenuDroits() - APP/Controller/Component/MenuComponent.php, line 35
MenuComponent::load() - APP/Controller/Component/MenuComponent.php, line 16
UsersController::login() - APP/Controller/UsersController.php, line 417
ReflectionMethod::invokeArgs() - [internal], line ??
Controller::invokeAction() - CORE/Cake/Controller/Controller.php, line 485
Dispatcher::_invoke() - CORE/Cake/Routing/Dispatcher.php, line 186
Dispatcher::dispatch() - CORE/Cake/Routing/Dispatcher.php, line 161
[main] - APP/webroot/index.php, line 92

2013-11-18 17:55:22 Warning: Warning (512): DbAcl::check() - Failed ARO/ACO node lookup in permissions check.  Node references:
Aro: Array
(
    [model] => User
    [foreign_key] => 1
)

Aco: Crons:index in [/var/www/splaza/branches/v4.1.04/lib/Cake/Model/Permission.php, line 93]
Trace:
Permission::check() - CORE/Cake/Model/Permission.php, line 93
DbAcl::check() - CORE/Cake/Controller/Component/Acl/DbAcl.php, line 71
AclComponent::check() - CORE/Cake/Controller/Component/AclComponent.php, line 108
DroitsComponent::check() - APP/Controller/Component/DroitsComponent.php, line 76
MenuComponent::_filtreMenuDroits() - APP/Controller/Component/MenuComponent.php, line 30
MenuComponent::_filtreMenuDroits() - APP/Controller/Component/MenuComponent.php, line 35
MenuComponent::load() - APP/Controller/Component/MenuComponent.php, line 16
UsersController::login() - APP/Controller/UsersController.php, line 417
ReflectionMethod::invokeArgs() - [internal], line ??
Controller::invokeAction() - CORE/Cake/Controller/Controller.php, line 485
Dispatcher::_invoke() - CORE/Cake/Routing/Dispatcher.php, line 186
Dispatcher::dispatch() - CORE/Cake/Routing/Dispatcher.php, line 161
[main] - APP/webroot/index.php, line 92

2013-11-18 17:55:22 Error: [PDOException] SQLSTATE[42703]: Undefined column: 7 ERROR:  column Deliberation.typeacte_id does not exist
LINE 1: ... LEFT JOIN "public"."typeactes" AS "Typeacte" ON ("Deliberat...
                                                             ^
#0 /var/www/splaza/branches/v4.1.04/lib/Cake/Model/Datasource/DboSource.php(459): PDOStatement->execute(Array)
#1 /var/www/splaza/branches/v4.1.04/lib/Cake/Model/Datasource/DboSource.php(425): DboSource->_execute('SELECT "Deliber...', Array)
#2 /var/www/splaza/branches/v4.1.04/lib/Cake/Model/Datasource/DboSource.php(669): DboSource->execute('SELECT "Deliber...', Array, Array)
#3 /var/www/splaza/branches/v4.1.04/lib/Cake/Model/Datasource/DboSource.php(1080): DboSource->fetchAll('SELECT "Deliber...', false)
#4 /var/www/splaza/branches/v4.1.04/lib/Cake/Model/Model.php(2642): DboSource->read(Object(Deliberation), Array)
#5 /var/www/splaza/branches/v4.1.04/app/Controller/DeliberationsController.php(2333): Model->find('all', Array)
#6 [internal function]: DeliberationsController->mesProjetsATraiter()
#7 /var/www/splaza/branches/v4.1.04/lib/Cake/Controller/Controller.php(485): ReflectionMethod->invokeArgs(Object(DeliberationsController), Array)
#8 /var/www/splaza/branches/v4.1.04/lib/Cake/Routing/Dispatcher.php(186): Controller->invokeAction(Object(CakeRequest))
#9 /var/www/splaza/branches/v4.1.04/lib/Cake/Routing/Dispatcher.php(161): Dispatcher->_invoke(Object(DeliberationsController), Object(CakeRequest), Object(CakeResponse))
#10 /var/www/splaza/branches/v4.1.04/lib/Cake/Core/Object.php(102): Dispatcher->dispatch(Object(CakeRequest), Object(CakeResponse), Array)
#11 /var/www/splaza/branches/v4.1.04/app/View/Pages/home.ctp(19): Object->requestAction('/deliberations/...', Array)
#12 /var/www/splaza/branches/v4.1.04/lib/Cake/View/View.php(923): include('/var/www/splaza...')
#13 /var/www/splaza/branches/v4.1.04/lib/Cake/View/View.php(886): View->_evaluate('/var/www/splaza...', Array)
#14 /var/www/splaza/branches/v4.1.04/lib/Cake/View/View.php(476): View->_render('/var/www/splaza...')
#15 /var/www/splaza/branches/v4.1.04/lib/Cake/Controller/Controller.php(956): View->render('home', NULL)
#16 /var/www/splaza/branches/v4.1.04/app/Controller/PagesController.php(73): Controller->render('home')
#17 [internal function]: PagesController->display('home')
#18 /var/www/splaza/branches/v4.1.04/lib/Cake/Controller/Controller.php(485): ReflectionMethod->invokeArgs(Object(PagesController), Array)
#19 /var/www/splaza/branches/v4.1.04/lib/Cake/Routing/Dispatcher.php(186): Controller->invokeAction(Object(CakeRequest))
#20 /var/www/splaza/branches/v4.1.04/lib/Cake/Routing/Dispatcher.php(161): Dispatcher->_invoke(Object(PagesController), Object(CakeRequest), Object(CakeResponse))
#21 /var/www/splaza/branches/v4.1.04/app/webroot/index.php(92): Dispatcher->dispatch(Object(CakeRequest), Object(CakeResponse))
#22 {main}
2013-11-18 17:55:22 Error: [PDOException] SQLSTATE[42703]: Undefined column: 7 ERROR:  column Deliberation.typeacte_id does not exist
LINE 1: ... LEFT JOIN "public"."typeactes" AS "Typeacte" ON ("Deliberat...
                                                             ^
#0 /var/www/splaza/branches/v4.1.04/lib/Cake/Model/Datasource/DboSource.php(459): PDOStatement->execute(Array)
#1 /var/www/splaza/branches/v4.1.04/lib/Cake/Model/Datasource/DboSource.php(425): DboSource->_execute('SELECT "Deliber...', Array)
#2 /var/www/splaza/branches/v4.1.04/lib/Cake/Model/Datasource/DboSource.php(669): DboSource->execute('SELECT "Deliber...', Array, Array)
#3 /var/www/splaza/branches/v4.1.04/lib/Cake/Model/Datasource/DboSource.php(1080): DboSource->fetchAll('SELECT "Deliber...', false)
#4 /var/www/splaza/branches/v4.1.04/lib/Cake/Model/Model.php(2642): DboSource->read(Object(Deliberation), Array)
#5 /var/www/splaza/branches/v4.1.04/app/Controller/DeliberationsController.php(2333): Model->find('all', Array)
#6 [internal function]: DeliberationsController->mesProjetsATraiter()
#7 /var/www/splaza/branches/v4.1.04/lib/Cake/Controller/Controller.php(485): ReflectionMethod->invokeArgs(Object(DeliberationsController), Array)
#8 /var/www/splaza/branches/v4.1.04/lib/Cake/Routing/Dispatcher.php(186): Controller->invokeAction(Object(CakeRequest))
#9 /var/www/splaza/branches/v4.1.04/lib/Cake/Routing/Dispatcher.php(161): Dispatcher->_invoke(Object(DeliberationsController), Object(CakeRequest), Object(CakeResponse))
#10 /var/www/splaza/branches/v4.1.04/lib/Cake/Core/Object.php(102): Dispatcher->dispatch(Object(CakeRequest), Object(CakeResponse), Array)
#11 /var/www/splaza/branches/v4.1.04/app/View/Pages/home.ctp(19): Object->requestAction('/deliberations/...', Array)
#12 /var/www/splaza/branches/v4.1.04/lib/Cake/View/View.php(923): include('/var/www/splaza...')
#13 /var/www/splaza/branches/v4.1.04/lib/Cake/View/View.php(886): View->_evaluate('/var/www/splaza...', Array)
#14 /var/www/splaza/branches/v4.1.04/lib/Cake/View/View.php(476): View->_render('/var/www/splaza...')
#15 /var/www/splaza/branches/v4.1.04/lib/Cake/Controller/Controller.php(956): View->render('home', NULL)
#16 /var/www/splaza/branches/v4.1.04/app/Controller/PagesController.php(73): Controller->render('home')
#17 [internal function]: PagesController->display('home')
#18 /var/www/splaza/branches/v4.1.04/lib/Cake/Controller/Controller.php(485): ReflectionMethod->invokeArgs(Object(PagesController), Array)
#19 /var/www/splaza/branches/v4.1.04/lib/Cake/Routing/Dispatcher.php(186): Controller->invokeAction(Object(CakeRequest))
#20 /var/www/splaza/branches/v4.1.04/lib/Cake/Routing/Dispatcher.php(161): Dispatcher->_invoke(Object(PagesController), Object(CakeRequest), Object(CakeResponse))
#21 /var/www/splaza/branches/v4.1.04/app/webroot/index.php(92): Dispatcher->dispatch(Object(CakeRequest), Object(CakeResponse))
#22 {main}
2013-11-18 17:56:06 Error: [MissingConnectionException] Database connection "Postgres" is missing, or could not be created.
#0 /var/www/splaza/branches/v4.1.04/lib/Cake/Model/Datasource/DboSource.php(261): Postgres->connect()
#1 /var/www/splaza/branches/v4.1.04/lib/Cake/Model/ConnectionManager.php(101): DboSource->__construct(Array)
#2 /var/www/splaza/branches/v4.1.04/lib/Cake/Model/Model.php(3169): ConnectionManager::getDataSource('default')
#3 /var/www/splaza/branches/v4.1.04/lib/Cake/Model/Model.php(1096): Model->setDataSource('default')
#4 /var/www/splaza/branches/v4.1.04/lib/Cake/Model/Model.php(3191): Model->setSource('aros_acos')
#5 /var/www/splaza/branches/v4.1.04/lib/Cake/Model/Model.php(1305): Model->getDataSource()
#6 /var/www/splaza/branches/v4.1.04/lib/Cake/Model/Permission.php(88): Model->schema()
#7 /var/www/splaza/branches/v4.1.04/lib/Cake/Controller/Component/Acl/DbAcl.php(71): Permission->check(Array, 'Pages:home', '*')
#8 /var/www/splaza/branches/v4.1.04/lib/Cake/Controller/Component/AclComponent.php(108): DbAcl->check(Array, 'Pages:home', '*')
#9 /var/www/splaza/branches/v4.1.04/app/Controller/Component/DroitsComponent.php(76): AclComponent->check(Array, 'Pages:home')
#10 /var/www/splaza/branches/v4.1.04/app/Controller/AppController.php(85): DroitsComponent->check(1, 'Pages:home')
#11 [internal function]: AppController->beforeFilter(Object(CakeEvent))
#12 /var/www/splaza/branches/v4.1.04/lib/Cake/Event/CakeEventManager.php(246): call_user_func(Array, Object(CakeEvent))
#13 /var/www/splaza/branches/v4.1.04/lib/Cake/Controller/Controller.php(669): CakeEventManager->dispatch(Object(CakeEvent))
#14 /var/www/splaza/branches/v4.1.04/lib/Cake/Routing/Dispatcher.php(183): Controller->startupProcess()
#15 /var/www/splaza/branches/v4.1.04/lib/Cake/Routing/Dispatcher.php(161): Dispatcher->_invoke(Object(PagesController), Object(CakeRequest), Object(CakeResponse))
#16 /var/www/splaza/branches/v4.1.04/app/webroot/index.php(92): Dispatcher->dispatch(Object(CakeRequest), Object(CakeResponse))
#17 {main}
2013-11-18 17:56:20 Error: [MissingConnectionException] Database connection "Postgres" is missing, or could not be created.
#0 /var/www/splaza/branches/v4.1.04/lib/Cake/Model/Datasource/DboSource.php(261): Postgres->connect()
#1 /var/www/splaza/branches/v4.1.04/lib/Cake/Model/ConnectionManager.php(101): DboSource->__construct(Array)
#2 /var/www/splaza/branches/v4.1.04/lib/Cake/Model/Model.php(3169): ConnectionManager::getDataSource('default')
#3 /var/www/splaza/branches/v4.1.04/lib/Cake/Model/Model.php(1096): Model->setDataSource('default')
#4 /var/www/splaza/branches/v4.1.04/lib/Cake/Model/Model.php(3191): Model->setSource('aros_acos')
#5 /var/www/splaza/branches/v4.1.04/lib/Cake/Model/Model.php(1305): Model->getDataSource()
#6 /var/www/splaza/branches/v4.1.04/lib/Cake/Model/Permission.php(88): Model->schema()
#7 /var/www/splaza/branches/v4.1.04/lib/Cake/Controller/Component/Acl/DbAcl.php(71): Permission->check(Array, 'Pages:home', '*')
#8 /var/www/splaza/branches/v4.1.04/lib/Cake/Controller/Component/AclComponent.php(108): DbAcl->check(Array, 'Pages:home', '*')
#9 /var/www/splaza/branches/v4.1.04/app/Controller/Component/DroitsComponent.php(76): AclComponent->check(Array, 'Pages:home')
#10 /var/www/splaza/branches/v4.1.04/app/Controller/AppController.php(85): DroitsComponent->check(1, 'Pages:home')
#11 [internal function]: AppController->beforeFilter(Object(CakeEvent))
#12 /var/www/splaza/branches/v4.1.04/lib/Cake/Event/CakeEventManager.php(246): call_user_func(Array, Object(CakeEvent))
#13 /var/www/splaza/branches/v4.1.04/lib/Cake/Controller/Controller.php(669): CakeEventManager->dispatch(Object(CakeEvent))
#14 /var/www/splaza/branches/v4.1.04/lib/Cake/Routing/Dispatcher.php(183): Controller->startupProcess()
#15 /var/www/splaza/branches/v4.1.04/lib/Cake/Routing/Dispatcher.php(161): Dispatcher->_invoke(Object(PagesController), Object(CakeRequest), Object(CakeResponse))
#16 /var/www/splaza/branches/v4.1.04/app/webroot/index.php(92): Dispatcher->dispatch(Object(CakeRequest), Object(CakeResponse))
#17 {main}
2013-11-18 17:56:48 Error: [MissingConnectionException] Database connection "Postgres" is missing, or could not be created.
#0 /var/www/splaza/branches/v4.1.04/lib/Cake/Model/Datasource/DboSource.php(261): Postgres->connect()
#1 /var/www/splaza/branches/v4.1.04/lib/Cake/Model/ConnectionManager.php(101): DboSource->__construct(Array)
#2 /var/www/splaza/branches/v4.1.04/lib/Cake/Model/Model.php(3169): ConnectionManager::getDataSource('default')
#3 /var/www/splaza/branches/v4.1.04/lib/Cake/Model/Model.php(1096): Model->setDataSource('default')
#4 /var/www/splaza/branches/v4.1.04/lib/Cake/Model/Model.php(3191): Model->setSource('aros_acos')
#5 /var/www/splaza/branches/v4.1.04/lib/Cake/Model/Model.php(1305): Model->getDataSource()
#6 /var/www/splaza/branches/v4.1.04/lib/Cake/Model/Permission.php(88): Model->schema()
#7 /var/www/splaza/branches/v4.1.04/lib/Cake/Controller/Component/Acl/DbAcl.php(71): Permission->check(Array, 'Pages:home', '*')
#8 /var/www/splaza/branches/v4.1.04/lib/Cake/Controller/Component/AclComponent.php(108): DbAcl->check(Array, 'Pages:home', '*')
#9 /var/www/splaza/branches/v4.1.04/app/Controller/Component/DroitsComponent.php(76): AclComponent->check(Array, 'Pages:home')
#10 /var/www/splaza/branches/v4.1.04/app/Controller/AppController.php(85): DroitsComponent->check(1, 'Pages:home')
#11 [internal function]: AppController->beforeFilter(Object(CakeEvent))
#12 /var/www/splaza/branches/v4.1.04/lib/Cake/Event/CakeEventManager.php(246): call_user_func(Array, Object(CakeEvent))
#13 /var/www/splaza/branches/v4.1.04/lib/Cake/Controller/Controller.php(669): CakeEventManager->dispatch(Object(CakeEvent))
#14 /var/www/splaza/branches/v4.1.04/lib/Cake/Routing/Dispatcher.php(183): Controller->startupProcess()
#15 /var/www/splaza/branches/v4.1.04/lib/Cake/Routing/Dispatcher.php(161): Dispatcher->_invoke(Object(PagesController), Object(CakeRequest), Object(CakeResponse))
#16 /var/www/splaza/branches/v4.1.04/app/webroot/index.php(92): Dispatcher->dispatch(Object(CakeRequest), Object(CakeResponse))
#17 {main}
