2014-04-09 10:02:33 Trace: 1 => Pages:home
2014-04-09 10:02:34 Trace: 1 => Deliberations:mesProjetsATraiter
2014-04-09 10:02:34 Trace: 1 => Deliberations:mesProjetsValidation
2014-04-09 10:02:34 Trace: 1 => Deliberations:mesProjetsRedaction
2014-04-09 10:02:35 Trace: 1 => Seances:listerFuturesSeances
2014-04-09 10:03:22 Trace: 1 => Pages:home
2014-04-09 10:03:22 Trace: 1 => Deliberations:mesProjetsATraiter
2014-04-09 10:03:22 Trace: 1 => Deliberations:mesProjetsValidation
2014-04-09 10:03:23 Trace: 1 => Deliberations:mesProjetsRedaction
2014-04-09 10:03:23 Trace: 1 => Seances:listerFuturesSeances
2014-04-09 10:05:30 Trace: 1 => Seances:listerFuturesSeances
2014-04-09 10:05:41 Trace: 1 => Seances:edit
2014-04-09 10:05:45 Trace: 1 => Seances:listerFuturesSeances
2014-04-09 10:05:53 Trace: 1 => Deliberations:mesProjetsRedaction
2014-04-09 10:06:01 Trace: 1 => Deliberations:tousLesProjetsAFaireVoter
2014-04-09 10:06:07 Trace: 1 => Deliberations:tousLesProjetsSansSeance
2014-04-09 10:06:35 Trace: 1 => Pages:home
2014-04-09 10:06:35 Trace: 1 => Deliberations:mesProjetsATraiter
2014-04-09 10:06:35 Trace: 1 => Deliberations:mesProjetsValidation
2014-04-09 10:06:35 Trace: 1 => Deliberations:mesProjetsRedaction
2014-04-09 10:06:36 Trace: 1 => Seances:listerFuturesSeances
2014-04-09 10:06:47 Trace: 1 => Deliberations:mesProjetsRedaction
2014-04-09 10:06:55 Trace: 1 => Postseances:index
2014-04-09 10:07:32 Trace: 1 => Pages:home
2014-04-09 10:07:32 Trace: 1 => Deliberations:mesProjetsATraiter
2014-04-09 10:07:32 Trace: 1 => Deliberations:mesProjetsValidation
2014-04-09 10:07:33 Trace: 1 => Deliberations:mesProjetsRedaction
2014-04-09 10:07:33 Trace: 1 => Seances:listerFuturesSeances
2014-04-09 10:09:41 Trace: 1 => Pages:home
2014-04-09 10:09:41 Trace: 1 => Deliberations:mesProjetsATraiter
2014-04-09 10:09:42 Trace: 1 => Deliberations:mesProjetsValidation
2014-04-09 10:09:42 Trace: 1 => Deliberations:mesProjetsRedaction
2014-04-09 10:09:42 Trace: 1 => Seances:listerFuturesSeances
2014-04-09 10:14:57 Trace: 1 => Pages:home
2014-04-09 10:14:57 Trace: 1 => Deliberations:mesProjetsATraiter
2014-04-09 10:14:57 Trace: 1 => Deliberations:mesProjetsValidation
2014-04-09 10:14:57 Trace: 1 => Deliberations:mesProjetsRedaction
2014-04-09 10:14:58 Trace: 1 => Seances:listerFuturesSeances
2014-04-09 10:14:58 Trace: 1 => CakeError:recipes
2014-04-09 10:14:59 Trace: 1 => CakeError:recipes
2014-04-09 10:16:08 Trace: 1 => Pages:home
2014-04-09 10:16:08 Trace: 1 => Deliberations:mesProjetsATraiter
2014-04-09 10:16:08 Trace: 1 => Deliberations:mesProjetsValidation
2014-04-09 10:16:08 Trace: 1 => Deliberations:mesProjetsRedaction
2014-04-09 10:16:09 Trace: 1 => Seances:listerFuturesSeances
2014-04-09 10:16:48 Trace: 1 => Deliberations:view
2014-04-09 10:16:52 Trace: 1 => CakeError:trunk
2014-04-09 10:17:17 Trace: 1 => Pages:home
2014-04-09 10:17:17 Trace: 1 => Deliberations:mesProjetsATraiter
2014-04-09 10:17:18 Trace: 1 => Deliberations:mesProjetsValidation
2014-04-09 10:17:18 Trace: 1 => Deliberations:mesProjetsRedaction
2014-04-09 10:17:18 Trace: 1 => Seances:listerFuturesSeances
2014-04-09 10:17:30 Trace: 1 => Deliberations:edit
2014-04-09 10:17:35 Trace: 1 => CakeError:trunk
